<?xml version="1.0" encoding="UTF-8"?>
<!-- Generated by org.testng.reporters.JUnitReportReporter -->
<testsuite hostname="DESKTOP-GJNDS4M" failures="0" tests="1" name="edu.learning.APITesting.AddPlace" time="1.669" errors="0" timestamp="19 Oct 2021 01:20:36 GMT" skipped="0">
  <testcase classname="edu.learning.APITesting.AddPlace" name="addPlace" time="1.669"/>
</testsuite> <!-- edu.learning.APITesting.AddPlace -->
