<?xml version="1.0" encoding="UTF-8"?>
<!-- Generated by org.testng.reporters.JUnitReportReporter -->
<testsuite hostname="DESKTOP-GJNDS4M" failures="0" tests="1" name="edu.learning.SeleniumPractise.DiffernetWebElements" time="5.300" errors="0" timestamp="28 Oct 2021 02:48:30 GMT" skipped="0">
  <testcase classname="edu.learning.SeleniumPractise.DiffernetWebElements" name="workingonAlerts" time="5.300"/>
</testsuite> <!-- edu.learning.SeleniumPractise.DiffernetWebElements -->
