<?xml version="1.0" encoding="UTF-8"?>
<!-- Generated by org.testng.reporters.JUnitReportReporter -->
<testsuite hostname="DESKTOP-GJNDS4M" failures="0" tests="1" name="edu.learning.APITesting.ApiAutomate" time="8.712" errors="0" timestamp="19 Oct 2021 01:49:21 GMT" skipped="0">
  <testcase classname="edu.learning.APITesting.ApiAutomate" name="addPlace" time="8.712"/>
</testsuite> <!-- edu.learning.APITesting.ApiAutomate -->
