<?xml version="1.0" encoding="UTF-8"?>
<!-- Generated by org.testng.reporters.JUnitReportReporter -->
<testsuite hostname="DESKTOP-GJNDS4M" failures="0" tests="1" name="edu.learning.SeleniumPractise.OnNotification" time="3.477" errors="0" timestamp="14 Oct 2021 02:06:54 GMT" skipped="0">
  <testcase classname="edu.learning.SeleniumPractise.OnNotification" name="gotoUrl" time="3.477"/>
</testsuite> <!-- edu.learning.SeleniumPractise.OnNotification -->
