<?xml version="1.0" encoding="UTF-8"?>
<!-- Generated by org.testng.reporters.JUnitReportReporter -->
<testsuite hostname="DESKTOP-GJNDS4M" failures="0" tests="1" name="edu.learning.SeleniumPractise.UseDataFromExcel" time="9.494" errors="0" timestamp="25 Oct 2021 05:28:24 GMT" skipped="0">
  <testcase classname="edu.learning.SeleniumPractise.UseDataFromExcel" name="printTestdata" time="9.494"/>
</testsuite> <!-- edu.learning.SeleniumPractise.UseDataFromExcel -->
