<?xml version="1.0" encoding="UTF-8"?>
<!-- Generated by org.testng.reporters.JUnitReportReporter -->
<testsuite hostname="DESKTOP-GJNDS4M" failures="0" tests="1" name="edu.learning.JavaProgramPractise.SampleProgram" time="0.012" errors="0" timestamp="14 Oct 2021 00:02:31 GMT" skipped="0">
  <testcase classname="edu.learning.JavaProgramPractise.SampleProgram" name="testRun" time="0.012"/>
</testsuite> <!-- edu.learning.JavaProgramPractise.SampleProgram -->
